2018-11-09 21:23:03 Notice: Notice (8): Undefined property: App\Test\TestCase\Controller\BillboardsControllerTest::$request in [C:\Program Files (x86)\Ampps\www\advertisingBillboard_v3\tests\TestCase\Controller\BillboardsControllerTest.php, line 110]
Trace:
Cake\Error\BaseErrorHandler::handleError() - CORE\src\Error\BaseErrorHandler.php, line 159
App\Test\TestCase\Controller\BillboardsControllerTest::testAutoComplete() - ROOT\tests\TestCase\Controller\BillboardsControllerTest.php, line 110
ReflectionMethod::invokeArgs() - [internal], line ??
PHPUnit\Framework\TestCase::runTest() - ROOT\vendor\phpunit\phpunit\src\Framework\TestCase.php, line 1071
PHPUnit\Framework\TestCase::runBare() - ROOT\vendor\phpunit\phpunit\src\Framework\TestCase.php, line 939
PHPUnit\Framework\TestResult::run() - ROOT\vendor\phpunit\phpunit\src\Framework\TestResult.php, line 698
PHPUnit\Framework\TestCase::run() - ROOT\vendor\phpunit\phpunit\src\Framework\TestCase.php, line 894
PHPUnit\Framework\TestSuite::run() - ROOT\vendor\phpunit\phpunit\src\Framework\TestSuite.php, line 755
PHPUnit\Framework\TestSuite::run() - ROOT\vendor\phpunit\phpunit\src\Framework\TestSuite.php, line 755
PHPUnit\TextUI\TestRunner::doRun() - ROOT\vendor\phpunit\phpunit\src\TextUI\TestRunner.php, line 545
PHPUnit\TextUI\Command::run() - ROOT\vendor\phpunit\phpunit\src\TextUI\Command.php, line 195
PHPUnit\TextUI\Command::main() - ROOT\vendor\phpunit\phpunit\src\TextUI\Command.php, line 148
[main] - ROOT\vendor\phpunit\phpunit\phpunit, line 53



2018-11-09 21:23:23 Notice: Notice (8): Undefined property: App\Test\TestCase\Controller\BillboardsControllerTest::$request in [C:\Program Files (x86)\Ampps\www\advertisingBillboard_v3\tests\TestCase\Controller\BillboardsControllerTest.php, line 110]
Trace:
Cake\Error\BaseErrorHandler::handleError() - CORE\src\Error\BaseErrorHandler.php, line 159
App\Test\TestCase\Controller\BillboardsControllerTest::testAutoComplete() - ROOT\tests\TestCase\Controller\BillboardsControllerTest.php, line 110
ReflectionMethod::invokeArgs() - [internal], line ??
PHPUnit\Framework\TestCase::runTest() - ROOT\vendor\phpunit\phpunit\src\Framework\TestCase.php, line 1071
PHPUnit\Framework\TestCase::runBare() - ROOT\vendor\phpunit\phpunit\src\Framework\TestCase.php, line 939
PHPUnit\Framework\TestResult::run() - ROOT\vendor\phpunit\phpunit\src\Framework\TestResult.php, line 698
PHPUnit\Framework\TestCase::run() - ROOT\vendor\phpunit\phpunit\src\Framework\TestCase.php, line 894
PHPUnit\Framework\TestSuite::run() - ROOT\vendor\phpunit\phpunit\src\Framework\TestSuite.php, line 755
PHPUnit\Framework\TestSuite::run() - ROOT\vendor\phpunit\phpunit\src\Framework\TestSuite.php, line 755
PHPUnit\TextUI\TestRunner::doRun() - ROOT\vendor\phpunit\phpunit\src\TextUI\TestRunner.php, line 545
PHPUnit\TextUI\Command::run() - ROOT\vendor\phpunit\phpunit\src\TextUI\Command.php, line 195
PHPUnit\TextUI\Command::main() - ROOT\vendor\phpunit\phpunit\src\TextUI\Command.php, line 148
[main] - ROOT\vendor\phpunit\phpunit\phpunit, line 53



2018-11-09 21:25:06 Notice: Notice (8): Undefined property: App\Test\TestCase\Controller\BillboardsControllerTest::$request in [C:\Program Files (x86)\Ampps\www\advertisingBillboard_v3\tests\TestCase\Controller\BillboardsControllerTest.php, line 110]
Trace:
Cake\Error\BaseErrorHandler::handleError() - CORE\src\Error\BaseErrorHandler.php, line 159
App\Test\TestCase\Controller\BillboardsControllerTest::testAutoComplete() - ROOT\tests\TestCase\Controller\BillboardsControllerTest.php, line 110
ReflectionMethod::invokeArgs() - [internal], line ??
PHPUnit\Framework\TestCase::runTest() - ROOT\vendor\phpunit\phpunit\src\Framework\TestCase.php, line 1071
PHPUnit\Framework\TestCase::runBare() - ROOT\vendor\phpunit\phpunit\src\Framework\TestCase.php, line 939
PHPUnit\Framework\TestResult::run() - ROOT\vendor\phpunit\phpunit\src\Framework\TestResult.php, line 698
PHPUnit\Framework\TestCase::run() - ROOT\vendor\phpunit\phpunit\src\Framework\TestCase.php, line 894
PHPUnit\Framework\TestSuite::run() - ROOT\vendor\phpunit\phpunit\src\Framework\TestSuite.php, line 755
PHPUnit\Framework\TestSuite::run() - ROOT\vendor\phpunit\phpunit\src\Framework\TestSuite.php, line 755
PHPUnit\TextUI\TestRunner::doRun() - ROOT\vendor\phpunit\phpunit\src\TextUI\TestRunner.php, line 545
PHPUnit\TextUI\Command::run() - ROOT\vendor\phpunit\phpunit\src\TextUI\Command.php, line 195
PHPUnit\TextUI\Command::main() - ROOT\vendor\phpunit\phpunit\src\TextUI\Command.php, line 148
[main] - ROOT\vendor\phpunit\phpunit\phpunit, line 53



2018-11-09 21:44:18 Notice: Notice (8): Undefined variable: query in [C:\Program Files (x86)\Ampps\www\advertisingBillboard_v3\tests\TestCase\Model\Table\BillboardsTableTest.php, line 44]
Trace:
Cake\Error\BaseErrorHandler::handleError() - CORE\src\Error\BaseErrorHandler.php, line 159
App\Test\TestCase\Model\Table\BillboardsTableTest::testFindBillBoardDetail() - ROOT\tests\TestCase\Model\Table\BillboardsTableTest.php, line 44
ReflectionMethod::invokeArgs() - [internal], line ??
PHPUnit\Framework\TestCase::runTest() - ROOT\vendor\phpunit\phpunit\src\Framework\TestCase.php, line 1071
PHPUnit\Framework\TestCase::runBare() - ROOT\vendor\phpunit\phpunit\src\Framework\TestCase.php, line 939
PHPUnit\Framework\TestResult::run() - ROOT\vendor\phpunit\phpunit\src\Framework\TestResult.php, line 698
PHPUnit\Framework\TestCase::run() - ROOT\vendor\phpunit\phpunit\src\Framework\TestCase.php, line 894
PHPUnit\Framework\TestSuite::run() - ROOT\vendor\phpunit\phpunit\src\Framework\TestSuite.php, line 755
PHPUnit\TextUI\TestRunner::doRun() - ROOT\vendor\phpunit\phpunit\src\TextUI\TestRunner.php, line 545
PHPUnit\TextUI\Command::run() - ROOT\vendor\phpunit\phpunit\src\TextUI\Command.php, line 195
PHPUnit\TextUI\Command::main() - ROOT\vendor\phpunit\phpunit\src\TextUI\Command.php, line 148
[main] - ROOT\vendor\phpunit\phpunit\phpunit, line 53



2018-11-09 21:44:43 Notice: Notice (8): Undefined property: App\Test\TestCase\Controller\BillboardsControllerTest::$request in [C:\Program Files (x86)\Ampps\www\advertisingBillboard_v3\tests\TestCase\Controller\BillboardsControllerTest.php, line 111]
Trace:
Cake\Error\BaseErrorHandler::handleError() - CORE\src\Error\BaseErrorHandler.php, line 159
App\Test\TestCase\Controller\BillboardsControllerTest::testAutoComplete() - ROOT\tests\TestCase\Controller\BillboardsControllerTest.php, line 111
ReflectionMethod::invokeArgs() - [internal], line ??
PHPUnit\Framework\TestCase::runTest() - ROOT\vendor\phpunit\phpunit\src\Framework\TestCase.php, line 1071
PHPUnit\Framework\TestCase::runBare() - ROOT\vendor\phpunit\phpunit\src\Framework\TestCase.php, line 939
PHPUnit\Framework\TestResult::run() - ROOT\vendor\phpunit\phpunit\src\Framework\TestResult.php, line 698
PHPUnit\Framework\TestCase::run() - ROOT\vendor\phpunit\phpunit\src\Framework\TestCase.php, line 894
PHPUnit\Framework\TestSuite::run() - ROOT\vendor\phpunit\phpunit\src\Framework\TestSuite.php, line 755
PHPUnit\Framework\TestSuite::run() - ROOT\vendor\phpunit\phpunit\src\Framework\TestSuite.php, line 755
PHPUnit\TextUI\TestRunner::doRun() - ROOT\vendor\phpunit\phpunit\src\TextUI\TestRunner.php, line 545
PHPUnit\TextUI\Command::run() - ROOT\vendor\phpunit\phpunit\src\TextUI\Command.php, line 195
PHPUnit\TextUI\Command::main() - ROOT\vendor\phpunit\phpunit\src\TextUI\Command.php, line 148
[main] - ROOT\vendor\phpunit\phpunit\phpunit, line 53



2018-11-09 21:46:03 Notice: Notice (8): Undefined property: App\Test\TestCase\Controller\BillboardsControllerTest::$request in [C:\Program Files (x86)\Ampps\www\advertisingBillboard_v3\tests\TestCase\Controller\BillboardsControllerTest.php, line 111]
Trace:
Cake\Error\BaseErrorHandler::handleError() - CORE\src\Error\BaseErrorHandler.php, line 159
App\Test\TestCase\Controller\BillboardsControllerTest::testAutoComplete() - ROOT\tests\TestCase\Controller\BillboardsControllerTest.php, line 111
ReflectionMethod::invokeArgs() - [internal], line ??
PHPUnit\Framework\TestCase::runTest() - ROOT\vendor\phpunit\phpunit\src\Framework\TestCase.php, line 1071
PHPUnit\Framework\TestCase::runBare() - ROOT\vendor\phpunit\phpunit\src\Framework\TestCase.php, line 939
PHPUnit\Framework\TestResult::run() - ROOT\vendor\phpunit\phpunit\src\Framework\TestResult.php, line 698
PHPUnit\Framework\TestCase::run() - ROOT\vendor\phpunit\phpunit\src\Framework\TestCase.php, line 894
PHPUnit\Framework\TestSuite::run() - ROOT\vendor\phpunit\phpunit\src\Framework\TestSuite.php, line 755
PHPUnit\Framework\TestSuite::run() - ROOT\vendor\phpunit\phpunit\src\Framework\TestSuite.php, line 755
PHPUnit\TextUI\TestRunner::doRun() - ROOT\vendor\phpunit\phpunit\src\TextUI\TestRunner.php, line 545
PHPUnit\TextUI\Command::run() - ROOT\vendor\phpunit\phpunit\src\TextUI\Command.php, line 195
PHPUnit\TextUI\Command::main() - ROOT\vendor\phpunit\phpunit\src\TextUI\Command.php, line 148
[main] - ROOT\vendor\phpunit\phpunit\phpunit, line 53



2018-11-09 21:48:51 Notice: Notice (8): Undefined property: App\Test\TestCase\Controller\BillboardsControllerTest::$request in [C:\Program Files (x86)\Ampps\www\advertisingBillboard_v3\tests\TestCase\Controller\BillboardsControllerTest.php, line 111]
Trace:
Cake\Error\BaseErrorHandler::handleError() - CORE\src\Error\BaseErrorHandler.php, line 159
App\Test\TestCase\Controller\BillboardsControllerTest::testAutoComplete() - ROOT\tests\TestCase\Controller\BillboardsControllerTest.php, line 111
ReflectionMethod::invokeArgs() - [internal], line ??
PHPUnit\Framework\TestCase::runTest() - ROOT\vendor\phpunit\phpunit\src\Framework\TestCase.php, line 1071
PHPUnit\Framework\TestCase::runBare() - ROOT\vendor\phpunit\phpunit\src\Framework\TestCase.php, line 939
PHPUnit\Framework\TestResult::run() - ROOT\vendor\phpunit\phpunit\src\Framework\TestResult.php, line 698
PHPUnit\Framework\TestCase::run() - ROOT\vendor\phpunit\phpunit\src\Framework\TestCase.php, line 894
PHPUnit\Framework\TestSuite::run() - ROOT\vendor\phpunit\phpunit\src\Framework\TestSuite.php, line 755
PHPUnit\Framework\TestSuite::run() - ROOT\vendor\phpunit\phpunit\src\Framework\TestSuite.php, line 755
PHPUnit\TextUI\TestRunner::doRun() - ROOT\vendor\phpunit\phpunit\src\TextUI\TestRunner.php, line 545
PHPUnit\TextUI\Command::run() - ROOT\vendor\phpunit\phpunit\src\TextUI\Command.php, line 195
PHPUnit\TextUI\Command::main() - ROOT\vendor\phpunit\phpunit\src\TextUI\Command.php, line 148
[main] - ROOT\vendor\phpunit\phpunit\phpunit, line 53



2018-11-09 21:50:29 Notice: Notice (8): Undefined property: App\Test\TestCase\Controller\BillboardsControllerTest::$request in [C:\Program Files (x86)\Ampps\www\advertisingBillboard_v3\tests\TestCase\Controller\BillboardsControllerTest.php, line 111]
Trace:
Cake\Error\BaseErrorHandler::handleError() - CORE\src\Error\BaseErrorHandler.php, line 159
App\Test\TestCase\Controller\BillboardsControllerTest::testAutoComplete() - ROOT\tests\TestCase\Controller\BillboardsControllerTest.php, line 111
ReflectionMethod::invokeArgs() - [internal], line ??
PHPUnit\Framework\TestCase::runTest() - ROOT\vendor\phpunit\phpunit\src\Framework\TestCase.php, line 1071
PHPUnit\Framework\TestCase::runBare() - ROOT\vendor\phpunit\phpunit\src\Framework\TestCase.php, line 939
PHPUnit\Framework\TestResult::run() - ROOT\vendor\phpunit\phpunit\src\Framework\TestResult.php, line 698
PHPUnit\Framework\TestCase::run() - ROOT\vendor\phpunit\phpunit\src\Framework\TestCase.php, line 894
PHPUnit\Framework\TestSuite::run() - ROOT\vendor\phpunit\phpunit\src\Framework\TestSuite.php, line 755
PHPUnit\Framework\TestSuite::run() - ROOT\vendor\phpunit\phpunit\src\Framework\TestSuite.php, line 755
PHPUnit\TextUI\TestRunner::doRun() - ROOT\vendor\phpunit\phpunit\src\TextUI\TestRunner.php, line 545
PHPUnit\TextUI\Command::run() - ROOT\vendor\phpunit\phpunit\src\TextUI\Command.php, line 195
PHPUnit\TextUI\Command::main() - ROOT\vendor\phpunit\phpunit\src\TextUI\Command.php, line 148
[main] - ROOT\vendor\phpunit\phpunit\phpunit, line 53



2018-11-09 21:56:32 Notice: Notice (8): Undefined property: App\Test\TestCase\Controller\BillboardsControllerTest::$request in [C:\Program Files (x86)\Ampps\www\advertisingBillboard_v3\tests\TestCase\Controller\BillboardsControllerTest.php, line 111]
Trace:
Cake\Error\BaseErrorHandler::handleError() - CORE\src\Error\BaseErrorHandler.php, line 159
App\Test\TestCase\Controller\BillboardsControllerTest::testAutoComplete() - ROOT\tests\TestCase\Controller\BillboardsControllerTest.php, line 111
ReflectionMethod::invokeArgs() - [internal], line ??
PHPUnit\Framework\TestCase::runTest() - ROOT\vendor\phpunit\phpunit\src\Framework\TestCase.php, line 1071
PHPUnit\Framework\TestCase::runBare() - ROOT\vendor\phpunit\phpunit\src\Framework\TestCase.php, line 939
PHPUnit\Framework\TestResult::run() - ROOT\vendor\phpunit\phpunit\src\Framework\TestResult.php, line 698
PHPUnit\Framework\TestCase::run() - ROOT\vendor\phpunit\phpunit\src\Framework\TestCase.php, line 894
PHPUnit\Framework\TestSuite::run() - ROOT\vendor\phpunit\phpunit\src\Framework\TestSuite.php, line 755
PHPUnit\Framework\TestSuite::run() - ROOT\vendor\phpunit\phpunit\src\Framework\TestSuite.php, line 755
PHPUnit\TextUI\TestRunner::doRun() - ROOT\vendor\phpunit\phpunit\src\TextUI\TestRunner.php, line 545
PHPUnit\TextUI\Command::run() - ROOT\vendor\phpunit\phpunit\src\TextUI\Command.php, line 195
PHPUnit\TextUI\Command::main() - ROOT\vendor\phpunit\phpunit\src\TextUI\Command.php, line 148
[main] - ROOT\vendor\phpunit\phpunit\phpunit, line 53



2018-11-09 22:10:30 Notice: Notice (8): Undefined variable: query in [C:\Program Files (x86)\Ampps\www\advertisingBillboard_v3\tests\TestCase\Model\Table\BillboardsTableTest.php, line 44]
Trace:
Cake\Error\BaseErrorHandler::handleError() - CORE\src\Error\BaseErrorHandler.php, line 159
App\Test\TestCase\Model\Table\BillboardsTableTest::testFindBillBoardDetail() - ROOT\tests\TestCase\Model\Table\BillboardsTableTest.php, line 44
ReflectionMethod::invokeArgs() - [internal], line ??
PHPUnit\Framework\TestCase::runTest() - ROOT\vendor\phpunit\phpunit\src\Framework\TestCase.php, line 1071
PHPUnit\Framework\TestCase::runBare() - ROOT\vendor\phpunit\phpunit\src\Framework\TestCase.php, line 939
PHPUnit\Framework\TestResult::run() - ROOT\vendor\phpunit\phpunit\src\Framework\TestResult.php, line 698
PHPUnit\Framework\TestCase::run() - ROOT\vendor\phpunit\phpunit\src\Framework\TestCase.php, line 894
PHPUnit\Framework\TestSuite::run() - ROOT\vendor\phpunit\phpunit\src\Framework\TestSuite.php, line 755
PHPUnit\Framework\TestSuite::run() - ROOT\vendor\phpunit\phpunit\src\Framework\TestSuite.php, line 755
PHPUnit\TextUI\TestRunner::doRun() - ROOT\vendor\phpunit\phpunit\src\TextUI\TestRunner.php, line 545
PHPUnit\TextUI\Command::run() - ROOT\vendor\phpunit\phpunit\src\TextUI\Command.php, line 195
PHPUnit\TextUI\Command::main() - ROOT\vendor\phpunit\phpunit\src\TextUI\Command.php, line 148
[main] - ROOT\vendor\phpunit\phpunit\phpunit, line 53



2018-11-09 22:11:11 Notice: Notice (8): Undefined variable: query in [C:\Program Files (x86)\Ampps\www\advertisingBillboard_v3\tests\TestCase\Model\Table\BillboardsTableTest.php, line 44]
Trace:
Cake\Error\BaseErrorHandler::handleError() - CORE\src\Error\BaseErrorHandler.php, line 159
App\Test\TestCase\Model\Table\BillboardsTableTest::testFindBillBoardDetail() - ROOT\tests\TestCase\Model\Table\BillboardsTableTest.php, line 44
ReflectionMethod::invokeArgs() - [internal], line ??
PHPUnit\Framework\TestCase::runTest() - ROOT\vendor\phpunit\phpunit\src\Framework\TestCase.php, line 1071
PHPUnit\Framework\TestCase::runBare() - ROOT\vendor\phpunit\phpunit\src\Framework\TestCase.php, line 939
PHPUnit\Framework\TestResult::run() - ROOT\vendor\phpunit\phpunit\src\Framework\TestResult.php, line 698
PHPUnit\Framework\TestCase::run() - ROOT\vendor\phpunit\phpunit\src\Framework\TestCase.php, line 894
PHPUnit\Framework\TestSuite::run() - ROOT\vendor\phpunit\phpunit\src\Framework\TestSuite.php, line 755
PHPUnit\Framework\TestSuite::run() - ROOT\vendor\phpunit\phpunit\src\Framework\TestSuite.php, line 755
PHPUnit\TextUI\TestRunner::doRun() - ROOT\vendor\phpunit\phpunit\src\TextUI\TestRunner.php, line 545
PHPUnit\TextUI\Command::run() - ROOT\vendor\phpunit\phpunit\src\TextUI\Command.php, line 195
PHPUnit\TextUI\Command::main() - ROOT\vendor\phpunit\phpunit\src\TextUI\Command.php, line 148
[main] - ROOT\vendor\phpunit\phpunit\phpunit, line 53



2018-11-09 23:31:32 Notice: Notice (8): Undefined variable: query in [C:\Program Files (x86)\Ampps\www\advertisingBillboard_v3\tests\TestCase\Model\Table\BillboardsTableTest.php, line 44]
Trace:
Cake\Error\BaseErrorHandler::handleError() - CORE\src\Error\BaseErrorHandler.php, line 159
App\Test\TestCase\Model\Table\BillboardsTableTest::testFindBillBoardDetail() - ROOT\tests\TestCase\Model\Table\BillboardsTableTest.php, line 44
ReflectionMethod::invokeArgs() - [internal], line ??
PHPUnit\Framework\TestCase::runTest() - ROOT\vendor\phpunit\phpunit\src\Framework\TestCase.php, line 1071
PHPUnit\Framework\TestCase::runBare() - ROOT\vendor\phpunit\phpunit\src\Framework\TestCase.php, line 939
PHPUnit\Framework\TestResult::run() - ROOT\vendor\phpunit\phpunit\src\Framework\TestResult.php, line 698
PHPUnit\Framework\TestCase::run() - ROOT\vendor\phpunit\phpunit\src\Framework\TestCase.php, line 894
PHPUnit\Framework\TestSuite::run() - ROOT\vendor\phpunit\phpunit\src\Framework\TestSuite.php, line 755
PHPUnit\Framework\TestSuite::run() - ROOT\vendor\phpunit\phpunit\src\Framework\TestSuite.php, line 755
PHPUnit\TextUI\TestRunner::doRun() - ROOT\vendor\phpunit\phpunit\src\TextUI\TestRunner.php, line 545
PHPUnit\TextUI\Command::run() - ROOT\vendor\phpunit\phpunit\src\TextUI\Command.php, line 195
PHPUnit\TextUI\Command::main() - ROOT\vendor\phpunit\phpunit\src\TextUI\Command.php, line 148
[main] - ROOT\vendor\phpunit\phpunit\phpunit, line 53



